Not searching for unused variables given on the command line.
[36m--[0m The C compiler identification is Clang 15.0.7
[36m--[0m The CXX compiler identification is Clang 15.0.7
[36m--[0m Detecting C compiler ABI info
[36m--[0m Detecting C compiler ABI info - done
[36m--[0m Check for working C compiler: /Users/adrianbuda/anaconda3/envs/ros_env/bin/arm64-apple-darwin20.0.0-clang - skipped
[36m--[0m Detecting C compile features
[36m--[0m Detecting C compile features - done
[36m--[0m Detecting CXX compiler ABI info
[36m--[0m Detecting CXX compiler ABI info - done
[36m--[0m Check for working CXX compiler: /Users/adrianbuda/anaconda3/envs/ros_env/bin/arm64-apple-darwin20.0.0-clang++ - skipped
[36m--[0m Detecting CXX compile features
[36m--[0m Detecting CXX compile features - done
[36m--[0m Using CATKIN_DEVEL_PREFIX: /Users/adrianbuda/Downloads/master_thesis-aerofoil/devel/.private/custom_robot
[36m--[0m Using CMAKE_PREFIX_PATH: /Users/adrianbuda/Downloads/master_thesis-aerofoil/devel;/Users/adrianbuda/anaconda3/envs/ros_env
[36m--[0m This workspace overlays: /Users/adrianbuda/Downloads/master_thesis-aerofoil/devel;/Users/adrianbuda/anaconda3/envs/ros_env
[36m--[0m Found PythonInterp: /Users/adrianbuda/anaconda3/envs/ros_env/bin/python3.9 (found suitable version "3.9.18", minimum required is "3.9")
[36m--[0m Using PYTHON_EXECUTABLE: /Users/adrianbuda/anaconda3/envs/ros_env/bin/python3.9
[36m--[0m Using default Python package layout
[36m--[0m Found PY_em: /Users/adrianbuda/anaconda3/envs/ros_env/lib/python3.9/site-packages/em.py
[36m--[0m Using empy: /Users/adrianbuda/anaconda3/envs/ros_env/lib/python3.9/site-packages/em.py
[36m--[0m Using CATKIN_ENABLE_TESTING: ON
[36m--[0m Call enable_testing()
[36m--[0m Using CATKIN_TEST_RESULTS_DIR: /Users/adrianbuda/Downloads/master_thesis-aerofoil/build/custom_robot/test_results
[36m--[0m Found gtest: gtests will be built
[36m--[0m Using Python nosetests: /Users/adrianbuda/anaconda3/envs/ros_env/bin/nosetests-3.9
[36m--[0m catkin 0.8.10
[36m--[0m BUILD_SHARED_LIBS is on
[36m--[0m Using these message generators: gencpp;geneus;genlisp;gennodejs;genpy
[36m--[0m Found PythonInterp: /Users/adrianbuda/anaconda3/envs/ros_env/bin/python3.9 (found suitable version "3.9.18", minimum required is "3.7")
[36m--[0m Found PythonLibs: /Users/adrianbuda/anaconda3/envs/ros_env/lib/libpython3.9.dylib
[36m--[0m Performing Test HAS_FLTO
[36m--[0m Performing Test HAS_FLTO - Success
[36m--[0m Performing Test HAS_FLTO_THIN
[36m--[0m Performing Test HAS_FLTO_THIN - Success
[36m--[0m Found pybind11: /Users/adrianbuda/anaconda3/envs/ros_env/include (found version "2.11.1")
[36m--[0m Configuring done (2.4s)
[36m--[0m Generating done (0.1s)
[36m--[0m Build files have been written to: /Users/adrianbuda/Downloads/master_thesis-aerofoil/build/custom_robot
