CMake Error: The current CMakeCache.txt directory /home/divij/Documents/quadopter/MultirotorSim_Vervoorst/build/CMakeCache.txt is different than the directory /home/divij/Desktop/complex/MultirotorSim_Vervoorst/build where CMakeCache.txt was created. This may result in binaries being created in the wrong place. If you are not sure, reedit the CMakeCache.txt
-- Using CATKIN_DEVEL_PREFIX: /home/divij/Documents/quadopter/MultirotorSim_Vervoorst/devel
-- Using CMAKE_PREFIX_PATH: /usr/local/MATLAB/R2023a/sys/ros1/glnxa64/ros1
-- This workspace overlays: /usr/local/MATLAB/R2023a/sys/ros1/glnxa64/ros1
-- Found PythonInterp: /home/divij/.matlab/R2023a/ros1/glnxa64/venv/bin/python3 (found suitable version "3.8.10", minimum required is "3") 
-- Using PYTHON_EXECUTABLE: /home/divij/.matlab/R2023a/ros1/glnxa64/venv/bin/python3
-- Using Debian Python package layout
-- Using empy: /home/divij/.matlab/R2023a/ros1/glnxa64/venv/lib/python3.8/site-packages/em.py
-- Using CATKIN_ENABLE_TESTING: ON
-- Call enable_testing()
-- Using CATKIN_TEST_RESULTS_DIR: /home/divij/Desktop/complex/MultirotorSim_Vervoorst/build/test_results
-- Forcing gtest/gmock from source, though one was otherwise available.
-- Found gtest sources under '/usr/src/googletest': gtests will be built
-- Found gmock sources under '/usr/src/googletest': gmock will be built
CMake Deprecation Warning at /usr/src/googletest/CMakeLists.txt:4 (cmake_minimum_required):
  Compatibility with CMake < 2.8.12 will be removed from a future version of
  CMake.

  Update the VERSION argument <min> value or use a ...<max> suffix to tell
  CMake that the project does not need compatibility with older versions.


CMake Deprecation Warning at /usr/src/googletest/googlemock/CMakeLists.txt:45 (cmake_minimum_required):
  Compatibility with CMake < 2.8.12 will be removed from a future version of
  CMake.

  Update the VERSION argument <min> value or use a ...<max> suffix to tell
  CMake that the project does not need compatibility with older versions.


CMake Deprecation Warning at /usr/src/googletest/googletest/CMakeLists.txt:56 (cmake_minimum_required):
  Compatibility with CMake < 2.8.12 will be removed from a future version of
  CMake.

  Update the VERSION argument <min> value or use a ...<max> suffix to tell
  CMake that the project does not need compatibility with older versions.


-- Found PythonInterp: /home/divij/.matlab/R2023a/ros1/glnxa64/venv/bin/python3 (found version "3.8.10") 
-- Using Python nosetests: /usr/bin/nosetests3
-- catkin 0.8.10
-- BUILD_SHARED_LIBS is on
-- BUILD_SHARED_LIBS is on
-- ~~~~~~~~~~~~~~~~~~~~~~~~~~~~~~~~~~~~~~~~~~~~~~~~~
-- ~~  traversing 3 packages in topological order:
-- ~~  - multirotor0
-- ~~  - sim_multi
-- ~~  - true0
-- ~~~~~~~~~~~~~~~~~~~~~~~~~~~~~~~~~~~~~~~~~~~~~~~~~
-- +++ processing catkin package: 'multirotor0'
-- ==> add_subdirectory(multirotor0)
-- +++ processing catkin package: 'sim_multi'
-- ==> add_subdirectory(sim_multi)
-- +++ processing catkin package: 'true0'
-- ==> add_subdirectory(true0)
-- Configuring incomplete, errors occurred!
See also "/home/divij/Documents/quadopter/MultirotorSim_Vervoorst/build/CMakeFiles/CMakeOutput.log".
See also "/home/divij/Documents/quadopter/MultirotorSim_Vervoorst/build/CMakeFiles/CMakeError.log".
Base path: /home/divij/Documents/quadopter/MultirotorSim_Vervoorst
Source space: /home/divij/Documents/quadopter/MultirotorSim_Vervoorst/src
Build space: /home/divij/Documents/quadopter/MultirotorSim_Vervoorst/build
Devel space: /home/divij/Documents/quadopter/MultirotorSim_Vervoorst/devel
Install space: /home/divij/Documents/quadopter/MultirotorSim_Vervoorst/install
####
#### Running command: "cmake /home/divij/Documents/quadopter/MultirotorSim_Vervoorst/src -DCATKIN_DEVEL_PREFIX=/home/divij/Documents/quadopter/MultirotorSim_Vervoorst/devel -DCMAKE_INSTALL_PREFIX=/home/divij/Documents/quadopter/MultirotorSim_Vervoorst/install -G Ninja" in "/home/divij/Documents/quadopter/MultirotorSim_Vervoorst/build"
####
Invoking "cmake" failed
